#! /usr/share/iverilog-0.9.7/bin/vvp
:ivl_version "0.9.7 " "(v0_9_6)";
:vpi_time_precision + 0;
:vpi_module "system";
:vpi_module "v2005_math";
:vpi_module "va_math";
S_0x27005c0 .scope module, "above_test" "above_test" 2 3;
 .timescale 0 0;
v0x271b410_0 .var "clk", 0 0;
v0x271b490_0 .net "clrP", 0 0, v0x2719030_0; 1 drivers
v0x271b510_0 .var "data_in", 15 0;
v0x271b590_0 .net "decB", 0 0, v0x27190d0_0; 1 drivers
v0x271b610_0 .net "done", 0 0, v0x2719170_0; 1 drivers
v0x271b690_0 .net "eqz", 0 0, L_0x271b960; 1 drivers
v0x271b710_0 .net "ldA", 0 0, v0x27192c0_0; 1 drivers
v0x271b790_0 .net "ldB", 0 0, v0x27193a0_0; 1 drivers
v0x271b860_0 .net "ldP", 0 0, v0x2719440_0; 1 drivers
v0x271b8e0_0 .var "start", 0 0;
S_0x27196d0 .scope module, "DP" "datapath" 2 9, 3 2, S_0x27005c0;
 .timescale 0 0;
v0x271a990_0 .net "A_out", 15 0, v0x271a800_0; 1 drivers
v0x271aa60_0 .net "B_out", 15 0, v0x2719e20_0; 1 drivers
v0x271ab30_0 .net "P_out", 15 0, v0x271a450_0; 1 drivers
v0x271ac00_0 .net "clk", 0 0, v0x271b410_0; 1 drivers
v0x271ad10_0 .alias "clrP", 0 0, v0x271b490_0;
v0x271ad90_0 .net "data_in", 15 0, v0x271b510_0; 1 drivers
v0x271ae60_0 .alias "decB", 0 0, v0x271b590_0;
v0x271af30_0 .alias "eqz", 0 0, v0x271b690_0;
v0x271b050_0 .alias "ldA", 0 0, v0x271b710_0;
v0x271b120_0 .alias "ldB", 0 0, v0x271b790_0;
v0x271b200_0 .alias "ldP", 0 0, v0x271b860_0;
v0x271b2d0_0 .net "z", 15 0, v0x2719b30_0; 1 drivers
S_0x271a5e0 .scope module, "g1" "pipo1" 3 10, 3 25, S_0x27196d0;
 .timescale 0 0;
v0x271a6d0_0 .alias "clk", 0 0, v0x271ac00_0;
v0x271a750_0 .alias "data", 15 0, v0x271ad90_0;
v0x271a800_0 .var "dout", 15 0;
v0x271a8b0_0 .alias "load", 0 0, v0x271b710_0;
S_0x271a1b0 .scope module, "g2" "pipo2" 3 12, 3 38, S_0x27196d0;
 .timescale 0 0;
v0x271a2a0_0 .alias "clk", 0 0, v0x271ac00_0;
v0x271a320_0 .alias "clr", 0 0, v0x271b490_0;
v0x271a3a0_0 .alias "data", 15 0, v0x271b2d0_0;
v0x271a450_0 .var "dout", 15 0;
v0x271a530_0 .alias "load", 0 0, v0x271b860_0;
S_0x2719d30 .scope module, "g3" "cntr" 3 14, 3 76, S_0x27196d0;
 .timescale 0 0;
v0x2719e20_0 .var "c_out", 15 0;
v0x2719ef0_0 .alias "clk", 0 0, v0x271ac00_0;
v0x2719fa0_0 .alias "data", 15 0, v0x271ad90_0;
v0x271a020_0 .alias "dec", 0 0, v0x271b590_0;
v0x271a100_0 .alias "load", 0 0, v0x271b790_0;
S_0x27199d0 .scope module, "g4" "addr" 3 16, 3 55, S_0x27196d0;
 .timescale 0 0;
v0x2719b30_0 .var "a_out", 15 0;
v0x2719bf0_0 .alias "in1", 15 0, v0x271a990_0;
v0x2719c90_0 .alias "in2", 15 0, v0x271ab30_0;
E_0x2719ac0 .event edge, v0x2719bf0_0, v0x2719c90_0;
S_0x27197c0 .scope module, "g5" "cmprtrB" 3 18, 3 66, S_0x27196d0;
 .timescale 0 0;
v0x27198b0_0 .alias "c_out", 0 0, v0x271b690_0;
v0x2719950_0 .alias "in", 15 0, v0x271aa60_0;
L_0x271b960 .reduce/nor v0x2719e20_0;
S_0x27006b0 .scope module, "CON" "controller" 2 10, 3 91, S_0x27005c0;
 .timescale 0 0;
P_0x26e5f48 .param/l "s0" 3 96, C4<000>;
P_0x26e5f70 .param/l "s1" 3 96, C4<001>;
P_0x26e5f98 .param/l "s2" 3 96, C4<010>;
P_0x26e5fc0 .param/l "s3" 3 96, C4<011>;
P_0x26e5fe8 .param/l "s4" 3 96, C4<100>;
v0x26f4280_0 .alias "clk", 0 0, v0x271ac00_0;
v0x2719030_0 .var "clrP", 0 0;
v0x27190d0_0 .var "decB", 0 0;
v0x2719170_0 .var "done", 0 0;
v0x2719220_0 .alias "eqz", 0 0, v0x271b690_0;
v0x27192c0_0 .var "ldA", 0 0;
v0x27193a0_0 .var "ldB", 0 0;
v0x2719440_0 .var "ldP", 0 0;
v0x2719530_0 .net "start", 0 0, v0x271b8e0_0; 1 drivers
v0x27195d0_0 .var "state", 2 0;
E_0x26e4950 .event edge, v0x27195d0_0;
E_0x26e4d40 .event posedge, v0x26f4280_0;
    .scope S_0x271a5e0;
T_0 ;
    %wait E_0x26e4d40;
    %load/v 8, v0x271a8b0_0, 1;
    %jmp/0xz  T_0.0, 8;
    %load/v 8, v0x271a750_0, 16;
    %ix/load 0, 16, 0;
    %assign/v0 v0x271a800_0, 0, 8;
T_0.0 ;
    %jmp T_0;
    .thread T_0;
    .scope S_0x271a1b0;
T_1 ;
    %wait E_0x26e4d40;
    %load/v 8, v0x271a320_0, 1;
    %jmp/0xz  T_1.0, 8;
    %ix/load 0, 16, 0;
    %assign/v0 v0x271a450_0, 0, 0;
    %jmp T_1.1;
T_1.0 ;
    %load/v 8, v0x271a530_0, 1;
    %jmp/0xz  T_1.2, 8;
    %load/v 8, v0x271a3a0_0, 16;
    %ix/load 0, 16, 0;
    %assign/v0 v0x271a450_0, 0, 8;
T_1.2 ;
T_1.1 ;
    %jmp T_1;
    .thread T_1;
    .scope S_0x2719d30;
T_2 ;
    %wait E_0x26e4d40;
    %load/v 8, v0x271a100_0, 1;
    %jmp/0xz  T_2.0, 8;
    %load/v 8, v0x2719fa0_0, 16;
    %ix/load 0, 16, 0;
    %assign/v0 v0x2719e20_0, 0, 8;
    %jmp T_2.1;
T_2.0 ;
    %load/v 8, v0x271a020_0, 1;
    %jmp/0xz  T_2.2, 8;
    %load/v 8, v0x2719e20_0, 16;
    %mov 24, 0, 16;
    %subi 8, 1, 32;
    %ix/load 0, 16, 0;
    %assign/v0 v0x2719e20_0, 0, 8;
T_2.2 ;
T_2.1 ;
    %jmp T_2;
    .thread T_2;
    .scope S_0x27199d0;
T_3 ;
    %wait E_0x2719ac0;
    %load/v 8, v0x2719bf0_0, 16;
    %load/v 24, v0x2719c90_0, 16;
    %add 8, 24, 16;
    %set/v v0x2719b30_0, 8, 16;
    %jmp T_3;
    .thread T_3, $push;
    .scope S_0x27006b0;
T_4 ;
    %wait E_0x26e4d40;
    %load/v 8, v0x27195d0_0, 3;
    %cmpi/u 8, 0, 3;
    %jmp/1 T_4.0, 6;
    %cmpi/u 8, 1, 3;
    %jmp/1 T_4.1, 6;
    %cmpi/u 8, 2, 3;
    %jmp/1 T_4.2, 6;
    %cmpi/u 8, 3, 3;
    %jmp/1 T_4.3, 6;
    %cmpi/u 8, 4, 3;
    %jmp/1 T_4.4, 6;
    %ix/load 0, 3, 0;
    %assign/v0 v0x27195d0_0, 0, 0;
    %jmp T_4.6;
T_4.0 ;
    %load/v 8, v0x2719530_0, 1;
    %jmp/0xz  T_4.7, 8;
    %movi 8, 1, 3;
    %ix/load 0, 3, 0;
    %assign/v0 v0x27195d0_0, 0, 8;
T_4.7 ;
    %jmp T_4.6;
T_4.1 ;
    %movi 8, 2, 3;
    %ix/load 0, 3, 0;
    %assign/v0 v0x27195d0_0, 0, 8;
    %jmp T_4.6;
T_4.2 ;
    %movi 8, 3, 3;
    %ix/load 0, 3, 0;
    %assign/v0 v0x27195d0_0, 0, 8;
    %jmp T_4.6;
T_4.3 ;
    %delay 2, 0;
    %load/v 8, v0x2719220_0, 1;
    %mov 9, 0, 1;
    %cmpi/u 8, 0, 2;
    %jmp/0xz  T_4.9, 4;
    %movi 8, 3, 3;
    %ix/load 0, 3, 0;
    %assign/v0 v0x27195d0_0, 0, 8;
    %jmp T_4.10;
T_4.9 ;
    %movi 8, 4, 3;
    %ix/load 0, 3, 0;
    %assign/v0 v0x27195d0_0, 0, 8;
T_4.10 ;
    %jmp T_4.6;
T_4.4 ;
    %movi 8, 4, 3;
    %ix/load 0, 3, 0;
    %assign/v0 v0x27195d0_0, 0, 8;
    %jmp T_4.6;
T_4.6 ;
    %jmp T_4;
    .thread T_4;
    .scope S_0x27006b0;
T_5 ;
    %wait E_0x26e4950;
    %load/v 8, v0x27195d0_0, 3;
    %cmpi/u 8, 0, 3;
    %jmp/1 T_5.0, 6;
    %cmpi/u 8, 1, 3;
    %jmp/1 T_5.1, 6;
    %cmpi/u 8, 2, 3;
    %jmp/1 T_5.2, 6;
    %cmpi/u 8, 3, 3;
    %jmp/1 T_5.3, 6;
    %cmpi/u 8, 4, 3;
    %jmp/1 T_5.4, 6;
    %delay 1, 0;
    %set/v v0x27192c0_0, 0, 1;
    %set/v v0x27193a0_0, 0, 1;
    %set/v v0x2719440_0, 0, 1;
    %set/v v0x2719030_0, 0, 1;
    %set/v v0x27190d0_0, 0, 1;
    %jmp T_5.6;
T_5.0 ;
    %delay 1, 0;
    %set/v v0x27192c0_0, 0, 1;
    %set/v v0x27193a0_0, 0, 1;
    %set/v v0x2719440_0, 0, 1;
    %set/v v0x2719030_0, 0, 1;
    %set/v v0x27190d0_0, 0, 1;
    %jmp T_5.6;
T_5.1 ;
    %delay 1, 0;
    %set/v v0x27192c0_0, 1, 1;
    %jmp T_5.6;
T_5.2 ;
    %delay 1, 0;
    %set/v v0x27192c0_0, 0, 1;
    %set/v v0x27193a0_0, 1, 1;
    %set/v v0x2719030_0, 1, 1;
    %jmp T_5.6;
T_5.3 ;
    %delay 1, 0;
    %set/v v0x27193a0_0, 0, 1;
    %set/v v0x2719440_0, 1, 1;
    %set/v v0x2719030_0, 0, 1;
    %set/v v0x27190d0_0, 1, 1;
    %jmp T_5.6;
T_5.4 ;
    %delay 1, 0;
    %set/v v0x2719440_0, 0, 1;
    %set/v v0x27190d0_0, 0, 1;
    %set/v v0x2719170_0, 1, 1;
    %jmp T_5.6;
T_5.6 ;
    %jmp T_5;
    .thread T_5, $push;
    .scope S_0x27005c0;
T_6 ;
    %set/v v0x271b410_0, 0, 1;
    %delay 3, 0;
    %set/v v0x271b8e0_0, 1, 1;
    %delay 500, 0;
    %vpi_call 2 16 "$finish";
    %end;
    .thread T_6;
    .scope S_0x27005c0;
T_7 ;
    %delay 5, 0;
    %load/v 8, v0x271b410_0, 1;
    %inv 8, 1;
    %set/v v0x271b410_0, 8, 1;
    %jmp T_7;
    .thread T_7;
    .scope S_0x27005c0;
T_8 ;
    %delay 17, 0;
    %movi 8, 17, 16;
    %set/v v0x271b510_0, 8, 16;
    %delay 10, 0;
    %movi 8, 5, 16;
    %set/v v0x271b510_0, 8, 16;
    %end;
    .thread T_8;
    .scope S_0x27005c0;
T_9 ;
    %vpi_call 2 29 "$monitor", $time, " product = %d, multiplication_completed = %b", v0x271ab30_0, v0x271b610_0;
    %vpi_call 2 30 "$dumpfile", "dump.vcd";
    %vpi_call 2 31 "$dumpvars", 1'sb0, S_0x27005c0;
    %end;
    .thread T_9;
# The file index is used to find the file name in the following table.
:file_names 4;
    "N/A";
    "<interactive>";
    "testbench.sv";
    "design.sv";
